<?xml version="1.0" encoding="UTF-8"?>
<!-- Generated by org.testng.reporters.JUnitXMLReporter -->
<testsuite ignored="0" hostname="LAPTOP-UD0GH7J4" failures="0" tests="3" name="Test" time="112.065" errors="0" timestamp="2024-05-09T17:10:54 IST">
  <testcase classname="com.tekpyramid.crm.orgtest.CreateOrganizationTest" name="createOrgTest" time="29.91"/>
  <testcase classname="com.tekpyramid.crm.orgtest.CreateOrganizationTest" name="createOrganizationWithIndustries" time="24.681"/>
  <testcase classname="com.tekpyramid.crm.orgtest.CreateOrganizationTest" name="createOrganizationWithPhoneNumber" time="20.525"/>
</testsuite> <!-- Test -->
