<?xml version="1.0" encoding="UTF-8"?>
<!-- Generated by org.testng.reporters.JUnitXMLReporter -->
<testsuite ignored="2" hostname="LAPTOP-UD0GH7J4" failures="0" tests="6" name="TestRunner-Chrome" time="313.217" errors="0" timestamp="2024-05-04T16:10:43 IST">
  <testcase classname="com.tekpyramid.crm.orgtest.CreateOrganizationTest" name="createOrgTest" time="39.002"/>
  <testcase classname="com.tekpyramid.crm.orgtest.CreateOrganizationTest" name="createOrganizationWithIndustries" time="0.0">
    <skipped/>
  </testcase> <!-- createOrganizationWithIndustries -->
  <testcase classname="com.tekpyramid.crm.orgtest.CreateOrganizationTest" name="createOrganizationWithPhoneNumber" time="0.0">
    <skipped/>
  </testcase> <!-- createOrganizationWithPhoneNumber -->
  <testcase classname="com.tekpyramid.crm.contacttest.CreateContactTest" name="createConTest" time="54.896"/>
  <testcase classname="com.tekpyramid.crm.contacttest.CreateContactTest" name="createContactWithOrganization" time="64.111"/>
  <testcase classname="com.tekpyramid.crm.contacttest.CreateContactTest" name="createContactWithSupportDate" time="38.419"/>
  <testcase classname="com.tekpyramid.crm.basetest.BaseClass" name="@AfterSuite configAS" time="0.0">
    <ignored/>
  </testcase> <!-- @AfterSuite configAS -->
  <testcase classname="com.tekpyramid.crm.basetest.BaseClass" name="@BeforeSuite configBS" time="0.0">
    <ignored/>
  </testcase> <!-- @BeforeSuite configBS -->
</testsuite> <!-- TestRunner-Chrome -->
