<?xml version="1.0" encoding="UTF-8"?>
<!-- Generated by org.testng.reporters.JUnitXMLReporter -->
<testsuite ignored="2" hostname="LAPTOP-UD0GH7J4" failures="0" tests="1" name="Default test" time="309.934" errors="0" timestamp="2024-05-10T16:18:55 IST">
  <testcase classname="com.tekpyramid.crm.orgtest.CreateOrganizationTest" name="createOrgTest" time="275.695"/>
  <testcase classname="com.tekpyramid.crm.orgtest.CreateOrganizationTest" name="createOrganizationWithIndustries" time="0.0">
    <ignored/>
  </testcase> <!-- createOrganizationWithIndustries -->
  <testcase classname="com.tekpyramid.crm.orgtest.CreateOrganizationTest" name="createOrganizationWithPhoneNumber" time="0.0">
    <ignored/>
  </testcase> <!-- createOrganizationWithPhoneNumber -->
</testsuite> <!-- Default test -->
